<?xml version="1.0" encoding="UTF-8"?>
<TestRun id="80f69ce2-d8c5-47ca-b376-ba762bb92900" name="Fer@FER-PC 2013-06-08 20:30:45" runUser="Fer-PC\Fer" xmlns="http://microsoft.com/schemas/VisualStudio/TeamTest/2010">
  <TestSettings name="Local" id="ddc6cfc6-e284-4f6f-9302-ab158bdb5301">
    <Description>These are default test settings for a local test run.</Description>
    <Deployment enabled="false" runDeploymentRoot="Fer_FER-PC 2013-06-08 20_30_45">
      <DeploymentItem filename="C:\Users\Fer\Documents\GitHub\Prova_Colegio_Asp.net\SistemaAcademico.Foundation\CamadaAcessoDados.NHibernate\bin\Debug\CamadaAcessoDados.NHibernate.dll" />
      <DeploymentItem filename="C:\Users\Fer\Documents\GitHub\Prova_Colegio_Asp.net\SistemaAcademico.Foundation\CamadaAcessoDados.DAL\bin\Debug\CamadaAcessoDados.DAL.dll" />
      <DeploymentItem filename="C:\Users\Fer\Documents\GitHub\Prova_Colegio_Asp.net\SistemaAcademico.Foundation\CamadaAcessoDados.Repositorio\bin\Debug\CamadaAcessoDados.Repositorio.dll" />
      <DeploymentItem filename="C:\Users\Fer\Documents\GitHub\Prova_Colegio_Asp.net\SistemaAcademico.Foundation\SistemaAcademico.Foundation\bin\Debug\SistemaAcademico.Foundation.dll" />
      <DeploymentItem filename="C:\Users\Fer\Documents\GitHub\Prova_Colegio_Asp.net\SistemaAcademico.Foundation\CamadaAcessoDados.EntityFramework\bin\Debug\CamadaAcessoDados.EntityFramework.dll" />
    </Deployment>
    <Execution>
      <TestTypeSpecific />
      <AgentRule name="Execution Agents">
      </AgentRule>
    </Execution>
  </TestSettings>
  <Times creation="2013-06-08T20:30:45.5808084-03:00" queuing="2013-06-08T20:30:52.8012214-03:00" start="2013-06-08T20:30:53.9832890-03:00" finish="2013-06-08T20:31:39.6649018-03:00" />
  <ResultSummary outcome="Completed">
    <Counters total="1" executed="1" passed="1" error="0" failed="0" timeout="0" aborted="0" inconclusive="0" passedButRunAborted="0" notRunnable="0" notExecuted="0" disconnected="0" warning="0" completed="0" inProgress="0" pending="0" />
  </ResultSummary>
  <TestDefinitions>
    <UnitTest name="CriarEntityFramework" storage="c:\users\fer\documents\github\prova_colegio_asp.net\sistemaacademico.foundation\camadaacessodados.teste\bin\debug\camadaacessodados.teste.dll" id="05cbdf22-f78a-918d-d853-be565652742a">
      <Execution id="46082f86-169f-472a-af51-82a3df5689bf" />
      <TestMethod codeBase="C:/Users/Fer/Documents/GitHub/Prova_Colegio_Asp.net/SistemaAcademico.Foundation/CamadaAcessoDados.Teste/bin/Debug/CamadaAcessoDados.Teste.DLL" adapterTypeName="Microsoft.VisualStudio.TestTools.TestTypes.Unit.UnitTestAdapter, Microsoft.VisualStudio.QualityTools.Tips.UnitTest.Adapter, Version=10.0.0.0, Culture=neutral, PublicKeyToken=b03f5f7f11d50a3a" className="CamadaAcessoDados.Teste.Teste, CamadaAcessoDados.Teste, Version=1.0.0.0, Culture=neutral, PublicKeyToken=null" name="CriarEntityFramework" />
    </UnitTest>
  </TestDefinitions>
  <TestLists>
    <TestList name="Results Not in a List" id="8c84fa94-04c1-424b-9868-57a2d4851a1d" />
    <TestList name="All Loaded Results" id="19431567-8539-422a-85d7-44ee4e166bda" />
  </TestLists>
  <TestEntries>
    <TestEntry testId="05cbdf22-f78a-918d-d853-be565652742a" executionId="46082f86-169f-472a-af51-82a3df5689bf" testListId="8c84fa94-04c1-424b-9868-57a2d4851a1d" />
  </TestEntries>
  <Results>
    <UnitTestResult executionId="46082f86-169f-472a-af51-82a3df5689bf" testId="05cbdf22-f78a-918d-d853-be565652742a" testName="CriarEntityFramework" computerName="FER-PC" duration="00:00:40.0654403" startTime="2013-06-08T20:30:54.7733342-03:00" endTime="2013-06-08T20:31:37.5007780-03:00" testType="13cdc9d9-ddb5-4fa4-a97d-d965ccfc6d4b" outcome="Passed" testListId="8c84fa94-04c1-424b-9868-57a2d4851a1d" relativeResultsDirectory="46082f86-169f-472a-af51-82a3df5689bf">
    </UnitTestResult>
  </Results>
</TestRun>